graph {
	graph [fontname=Arial fontsize=36 label="

Classificação Brasileira de Cursos Superiores" ssize="30,60" style=bold]
	node [color=grey fontname=Verdana size="30,30" style=filled]
	viewPort="3456,998,1"
	"00 Programas básicos" [color=steelblue3]
	"001 Programas básicos" [color=gold]
	"00 Programas básicos" -- "001 Programas básicos" [fillcolor=steelblue3]
	"0011 Programas básicos" [color=crimson]
	"001 Programas básicos" -- "0011 Programas básicos" [fillcolor=steelblue3]
	"0011A01 ABI Educação" [color=springgreen1]
	"0011 Programas básicos" -- "0011A01 ABI Educação" [label="Rótulo"]
	"0011A02 ABI Artes e humanidades" [color=springgreen1]
	"0011 Programas básicos" -- "0011A02 ABI Artes e humanidades" [label="Rótulo"]
	"0011A03 ABI Ciências sociais, jornalismo e informação" [color=springgreen1]
	"0011 Programas básicos" -- "0011A03 ABI Ciências sociais, jornalismo e informação" [label="Rótulo"]
	"0011A04 ABI Negócios, administração e direito" [color=springgreen1]
	"0011 Programas básicos" -- "0011A04 ABI Negócios, administração e direito" [label="Rótulo"]
	"0011A05 ABI Ciências naturais, matemática e estatística" [color=springgreen1]
	"0011 Programas básicos" -- "0011A05 ABI Ciências naturais, matemática e estatística" [label="Rótulo"]
	"0011A06 ABI Tecnologias da Informação e Comunicação (TIC)" [color=springgreen1]
	"0011 Programas básicos" -- "0011A06 ABI Tecnologias da Informação e Comunicação (TIC)" [label="Rótulo"]
	"0011A07 ABI Engenharia, produção e construção" [color=springgreen1]
	"0011 Programas básicos" -- "0011A07 ABI Engenharia, produção e construção" [label="Rótulo"]
	"0011A08 ABI Agricultura, silvicultura, pesca e veterinária" [color=springgreen1]
	"0011 Programas básicos" -- "0011A08 ABI Agricultura, silvicultura, pesca e veterinária" [label="Rótulo"]
	"0011A09 ABI Saúde e bem-estar" [color=springgreen1]
	"0011 Programas básicos" -- "0011A09 ABI Saúde e bem-estar" [label="Rótulo"]
	"0011A10 ABI Serviços" [color=springgreen1]
	"0011 Programas básicos" -- "0011A10 ABI Serviços" [label="Rótulo"]
	"01 Educação" [color=steelblue3]
	"011 Educação" [color=gold]
	"01 Educação" -- "011 Educação" [fillcolor=steelblue3]
	"0111 Ciência da educação" [color=crimson]
	"011 Educação" -- "0111 Ciência da educação" [fillcolor=steelblue3]
	"0111C01 Ciência da educação" [color=springgreen1]
	"0111 Ciência da educação" -- "0111C01 Ciência da educação" [label="Rótulo"]
	"0111E01 Educação em espaços não escolares" [color=springgreen1]
	"0111 Ciência da educação" -- "0111E01 Educação em espaços não escolares" [label="Rótulo"]
	"0111P01 Processos escolares" [color=springgreen1]
	"0111 Ciência da educação" -- "0111P01 Processos escolares" [label="Rótulo"]
	"0111P02 Psicopedagogia" [color=springgreen1]
	"0111 Ciência da educação" -- "0111P02 Psicopedagogia" [label="Rótulo"]
	"0112 Formação de professores de educação infantil" [color=crimson]
	"011 Educação" -- "0112 Formação de professores de educação infantil" [fillcolor=steelblue3]
	"0112E01 Educação infantil formação de professor" [color=springgreen1]
	"0112 Formação de professores de educação infantil" -- "0112E01 Educação infantil formação de professor" [label="Rótulo"]
	"0113 Formação de professores sem áreas específicas" [color=crimson]
	"011 Educação" -- "0113 Formação de professores sem áreas específicas" [fillcolor=steelblue3]
	"0113E01 Educação do campo formação de professor" [color=springgreen1]
	"0113 Formação de professores sem áreas específicas" -- "0113E01 Educação do campo formação de professor" [label="Rótulo"]
	"0113E02 Educação especial formação de professor" [color=springgreen1]
	"0113 Formação de professores sem áreas específicas" -- "0113E02 Educação especial formação de professor" [label="Rótulo"]
	"0113E03 Educação indígena formação de professor" [color=springgreen1]
	"0113 Formação de professores sem áreas específicas" -- "0113E03 Educação indígena formação de professor" [label="Rótulo"]
	"0113F01 Formação pedagógica de professor para a educação básica" [color=springgreen1]
	"0113 Formação de professores sem áreas específicas" -- "0113F01 Formação pedagógica de professor para a educação básica" [label="Rótulo"]
	"0113P01 Pedagogia" [color=springgreen1]
	"0113 Formação de professores sem áreas específicas" -- "0113P01 Pedagogia" [label="Rótulo"]
	"0114 Formação de professores em áreas específicas (exceto Letras)" [color=crimson]
	"011 Educação" -- "0114 Formação de professores em áreas específicas (exceto Letras)" [fillcolor=steelblue3]
	"0114A01 Artes formação de professor" [color=springgreen1]
	"0114 Formação de professores em áreas específicas (exceto Letras)" -- "0114A01 Artes formação de professor" [label="Rótulo"]
	"0114A02 Artes visuais formação de professor" [color=springgreen1]
	"0114 Formação de professores em áreas específicas (exceto Letras)" -- "0114A02 Artes visuais formação de professor" [label="Rótulo"]
	"0114B01 Biologia formação de professor" [color=springgreen1]
	"0114 Formação de professores em áreas específicas (exceto Letras)" -- "0114B01 Biologia formação de professor" [label="Rótulo"]
	"0114C01 Ciências agrárias formação de professor" [color=springgreen1]
	"0114 Formação de professores em áreas específicas (exceto Letras)" -- "0114C01 Ciências agrárias formação de professor" [label="Rótulo"]
	"0114C02 Ciências naturais formação de professor" [color=springgreen1]
	"0114 Formação de professores em áreas específicas (exceto Letras)" -- "0114C02 Ciências naturais formação de professor" [label="Rótulo"]
	"0114C03 Ciências sociais formação de professor" [color=springgreen1]
	"0114 Formação de professores em áreas específicas (exceto Letras)" -- "0114C03 Ciências sociais formação de professor" [label="Rótulo"]
	"0114C04 Cinema e audiovisual formação de professor" [color=springgreen1]
	"0114 Formação de professores em áreas específicas (exceto Letras)" -- "0114C04 Cinema e audiovisual formação de professor" [label="Rótulo"]
	"0114C05 Computação formação de professor" [color=springgreen1]
	"0114 Formação de professores em áreas específicas (exceto Letras)" -- "0114C05 Computação formação de professor" [label="Rótulo"]
	"0114D01 Dança formação de professor" [color=springgreen1]
	"0114 Formação de professores em áreas específicas (exceto Letras)" -- "0114D01 Dança formação de professor" [label="Rótulo"]
	"0114E01 Economia doméstica formação de professor" [color=springgreen1]
	"0114 Formação de professores em áreas específicas (exceto Letras)" -- "0114E01 Economia doméstica formação de professor" [label="Rótulo"]
	"0114E02 Educação do campo em áreas de conhecimento da educação básica formação de professor" [color=springgreen1]
	"0114 Formação de professores em áreas específicas (exceto Letras)" -- "0114E02 Educação do campo em áreas de conhecimento da educação básica formação de professor" [label="Rótulo"]
	"0114E03 Educação física formação de professor" [color=springgreen1]
	"0114 Formação de professores em áreas específicas (exceto Letras)" -- "0114E03 Educação física formação de professor" [label="Rótulo"]
	"0114E04 Educação indígena em áreas de conhecimento da educação básica formação de professor" [color=springgreen1]
	"0114 Formação de professores em áreas específicas (exceto Letras)" -- "0114E04 Educação indígena em áreas de conhecimento da educação básica formação de professor" [label="Rótulo"]
	"0114E05 Enfermagem formação de professor" [color=springgreen1]
	"0114 Formação de professores em áreas específicas (exceto Letras)" -- "0114E05 Enfermagem formação de professor" [label="Rótulo"]
	"0114E06 Ensino profissionalizante em área específica formação de professor" [color=springgreen1]
	"0114 Formação de professores em áreas específicas (exceto Letras)" -- "0114E06 Ensino profissionalizante em área específica formação de professor" [label="Rótulo"]
	"0114E07 Ensino religioso formação de professor" [color=springgreen1]
	"0114 Formação de professores em áreas específicas (exceto Letras)" -- "0114E07 Ensino religioso formação de professor" [label="Rótulo"]
	"0114E08 Estatística formação de professor" [color=springgreen1]
	"0114 Formação de professores em áreas específicas (exceto Letras)" -- "0114E08 Estatística formação de professor" [label="Rótulo"]
	"0114F01 Filosofia formação de professor" [color=springgreen1]
	"0114 Formação de professores em áreas específicas (exceto Letras)" -- "0114F01 Filosofia formação de professor" [label="Rótulo"]
	"0114F02 Física formação de professor" [color=springgreen1]
	"0114 Formação de professores em áreas específicas (exceto Letras)" -- "0114F02 Física formação de professor" [label="Rótulo"]
	"0114G01 Geografia formação de professor" [color=springgreen1]
	"0114 Formação de professores em áreas específicas (exceto Letras)" -- "0114G01 Geografia formação de professor" [label="Rótulo"]
	"0114H01 História formação de professor" [color=springgreen1]
	"0114 Formação de professores em áreas específicas (exceto Letras)" -- "0114H01 História formação de professor" [label="Rótulo"]
	"0114M01 Matemática formação de professor" [color=springgreen1]
	"0114 Formação de professores em áreas específicas (exceto Letras)" -- "0114M01 Matemática formação de professor" [label="Rótulo"]
	"0114M02 Música formação de professor" [color=springgreen1]
	"0114 Formação de professores em áreas específicas (exceto Letras)" -- "0114M02 Música formação de professor" [label="Rótulo"]
	"0114P01 Psicologia formação de professor" [color=springgreen1]
	"0114 Formação de professores em áreas específicas (exceto Letras)" -- "0114P01 Psicologia formação de professor" [label="Rótulo"]
	"0114Q01 Química formação de professor" [color=springgreen1]
	"0114 Formação de professores em áreas específicas (exceto Letras)" -- "0114Q01 Química formação de professor" [label="Rótulo"]
	"0114T01 Teatro formação de professor" [color=springgreen1]
	"0114 Formação de professores em áreas específicas (exceto Letras)" -- "0114T01 Teatro formação de professor" [label="Rótulo"]
	"0115 Formação de professores de letras" [color=crimson]
	"011 Educação" -- "0115 Formação de professores de letras" [fillcolor=steelblue3]
	"0115L01 Letras espanhol formação de professor" [color=springgreen1]
	"0115 Formação de professores de letras" -- "0115L01 Letras espanhol formação de professor" [label="Rótulo"]
	"0115L02 Letras francês formação de professor" [color=springgreen1]
	"0115 Formação de professores de letras" -- "0115L02 Letras francês formação de professor" [label="Rótulo"]
	"0115L03 Letras inglês formação de professor" [color=springgreen1]
	"0115 Formação de professores de letras" -- "0115L03 Letras inglês formação de professor" [label="Rótulo"]
	"0115L04 Letras língua brasileira de sinais formação de professor" [color=springgreen1]
	"0115 Formação de professores de letras" -- "0115L04 Letras língua brasileira de sinais formação de professor" [label="Rótulo"]
	"0115L05 Letras línguas estrangeiras clássicas formação de professor" [color=springgreen1]
	"0115 Formação de professores de letras" -- "0115L05 Letras línguas estrangeiras clássicas formação de professor" [label="Rótulo"]
	"0115L06 Letras outras línguas estrangeiras modernas formação de professor" [color=springgreen1]
	"0115 Formação de professores de letras" -- "0115L06 Letras outras línguas estrangeiras modernas formação de professor" [label="Rótulo"]
	"0115L07 Letras português espanhol formação de professor" [color=springgreen1]
	"0115 Formação de professores de letras" -- "0115L07 Letras português espanhol formação de professor" [label="Rótulo"]
	"0115L08 Letras português formação de professor" [color=springgreen1]
	"0115 Formação de professores de letras" -- "0115L08 Letras português formação de professor" [label="Rótulo"]
	"0115L09 Letras português francês formação de professor" [color=springgreen1]
	"0115 Formação de professores de letras" -- "0115L09 Letras português francês formação de professor" [label="Rótulo"]
	"0115L10 Letras português inglês formação de professor" [color=springgreen1]
	"0115 Formação de professores de letras" -- "0115L10 Letras português inglês formação de professor" [label="Rótulo"]
	"0115L11 Letras português língua brasileira de sinais formação de professor" [color=springgreen1]
	"0115 Formação de professores de letras" -- "0115L11 Letras português língua brasileira de sinais formação de professor" [label="Rótulo"]
	"0115L12 Letras português línguas estrangeiras clássicas formação de professor" [color=springgreen1]
	"0115 Formação de professores de letras" -- "0115L12 Letras português línguas estrangeiras clássicas formação de professor" [label="Rótulo"]
	"0115L13 Letras português outras línguas estrangeiras modernas formação de professor" [color=springgreen1]
	"0115 Formação de professores de letras" -- "0115L13 Letras português outras línguas estrangeiras modernas formação de professor" [label="Rótulo"]
	"0115L14 Letras tradutor e intérprete formação de professor" [color=springgreen1]
	"0115 Formação de professores de letras" -- "0115L14 Letras tradutor e intérprete formação de professor" [label="Rótulo"]
	"01 Educação" [color=steelblue3]
	"018 Programas interdisciplinares abrangendo educação" [color=gold]
	"01 Educação" -- "018 Programas interdisciplinares abrangendo educação" [fillcolor=steelblue3]
	"0188 Programas interdisciplinares abrangendo educação" [color=crimson]
	"018 Programas interdisciplinares abrangendo educação" -- "0188 Programas interdisciplinares abrangendo educação" [fillcolor=steelblue3]
	"0188P01 Programas interdisciplinares abrangendo educação" [color=springgreen1]
	"0188 Programas interdisciplinares abrangendo educação" -- "0188P01 Programas interdisciplinares abrangendo educação" [label="Rótulo"]
	"02 Artes e humanidades" [color=steelblue3]
	"021 Artes" [color=gold]
	"02 Artes e humanidades" -- "021 Artes" [fillcolor=steelblue3]
	"0211 Técnicas audiovisuais, produção de mídia e produção cultural" [color=crimson]
	"021 Artes" -- "0211 Técnicas audiovisuais, produção de mídia e produção cultural" [fillcolor=steelblue3]
	"0211A01 Animação" [color=springgreen1]
	"0211 Técnicas audiovisuais, produção de mídia e produção cultural" -- "0211A01 Animação" [label="Rótulo"]
	"0211C01 Cinema e audiovisual" [color=springgreen1]
	"0211 Técnicas audiovisuais, produção de mídia e produção cultural" -- "0211C01 Cinema e audiovisual" [label="Rótulo"]
	"0211C02 Comunicação assistiva" [color=springgreen1]
	"0211 Técnicas audiovisuais, produção de mídia e produção cultural" -- "0211C02 Comunicação assistiva" [label="Rótulo"]
	"0211D01 Design gráfico" [color=springgreen1]
	"0211 Técnicas audiovisuais, produção de mídia e produção cultural" -- "0211D01 Design gráfico" [label="Rótulo"]
	"0211F01 Fotografia" [color=springgreen1]
	"0211 Técnicas audiovisuais, produção de mídia e produção cultural" -- "0211F01 Fotografia" [label="Rótulo"]
	"0211P01 Produção cênica" [color=springgreen1]
	"0211 Técnicas audiovisuais, produção de mídia e produção cultural" -- "0211P01 Produção cênica" [label="Rótulo"]
	"0211P02 Produção cultural" [color=springgreen1]
	"0211 Técnicas audiovisuais, produção de mídia e produção cultural" -- "0211P02 Produção cultural" [label="Rótulo"]
	"0211P03 Produção fonográfica" [color=springgreen1]
	"0211 Técnicas audiovisuais, produção de mídia e produção cultural" -- "0211P03 Produção fonográfica" [label="Rótulo"]
	"0211P04 Produção multimídia" [color=springgreen1]
	"0211 Técnicas audiovisuais, produção de mídia e produção cultural" -- "0211P04 Produção multimídia" [label="Rótulo"]
	"0212 Moda, design de interiores e desenho industrial" [color=crimson]
	"021 Artes" -- "0212 Moda, design de interiores e desenho industrial" [fillcolor=steelblue3]
	"0212D01 Desenho industrial" [color=springgreen1]
	"0212 Moda, design de interiores e desenho industrial" -- "0212D01 Desenho industrial" [label="Rótulo"]
	"0212D02 Design" [color=springgreen1]
	"0212 Moda, design de interiores e desenho industrial" -- "0212D02 Design" [label="Rótulo"]
	"0212D03 Design de interiores" [color=springgreen1]
	"0212 Moda, design de interiores e desenho industrial" -- "0212D03 Design de interiores" [label="Rótulo"]
	"0212D04 Design de produto" [color=springgreen1]
	"0212 Moda, design de interiores e desenho industrial" -- "0212D04 Design de produto" [label="Rótulo"]
	"0212M01 Moda" [color=springgreen1]
	"0212 Moda, design de interiores e desenho industrial" -- "0212M01 Moda" [label="Rótulo"]
	"0213 Belas artes" [color=crimson]
	"021 Artes" -- "0213 Belas artes" [fillcolor=steelblue3]
	"0213A01 Artes" [color=springgreen1]
	"0213 Belas artes" -- "0213A01 Artes" [label="Rótulo"]
	"0213A02 Artes plásticas" [color=springgreen1]
	"0213 Belas artes" -- "0213A02 Artes plásticas" [label="Rótulo"]
	"0213A03 Artes visuais" [color=springgreen1]
	"0213 Belas artes" -- "0213A03 Artes visuais" [label="Rótulo"]
	"0213E01 Escultura" [color=springgreen1]
	"0213 Belas artes" -- "0213E01 Escultura" [label="Rótulo"]
	"0213G01 Gravura artística" [color=springgreen1]
	"0213 Belas artes" -- "0213G01 Gravura artística" [label="Rótulo"]
	"0213H01 História da arte" [color=springgreen1]
	"0213 Belas artes" -- "0213H01 História da arte" [label="Rótulo"]
	"0214 Artesanato" [color=crimson]
	"021 Artes" -- "0214 Artesanato" [fillcolor=steelblue3]
	"0214C01 Conservação e restauro" [color=springgreen1]
	"0214 Artesanato" -- "0214C01 Conservação e restauro" [label="Rótulo"]
	"0214F01 Fabricação de instrumentos musicais não industrial" [color=springgreen1]
	"0214 Artesanato" -- "0214F01 Fabricação de instrumentos musicais não industrial" [label="Rótulo"]
	"0215 Música e artes cênicas" [color=crimson]
	"021 Artes" -- "0215 Música e artes cênicas" [fillcolor=steelblue3]
	"0215A01 Artes cênicas" [color=springgreen1]
	"0215 Música e artes cênicas" -- "0215A01 Artes cênicas" [label="Rótulo"]
	"0215C01 Cenografia" [color=springgreen1]
	"0215 Música e artes cênicas" -- "0215C01 Cenografia" [label="Rótulo"]
	"0215D01 Dança" [color=springgreen1]
	"0215 Música e artes cênicas" -- "0215D01 Dança" [label="Rótulo"]
	"0215M01 Música" [color=springgreen1]
	"0215 Música e artes cênicas" -- "0215M01 Música" [label="Rótulo"]
	"0215T01 Teatro" [color=springgreen1]
	"0215 Música e artes cênicas" -- "0215T01 Teatro" [label="Rótulo"]
	"02 Artes e humanidades" [color=steelblue3]
	"022 Humanidades (exceto línguas)" [color=gold]
	"02 Artes e humanidades" -- "022 Humanidades (exceto línguas)" [fillcolor=steelblue3]
	"0221 Religião e teologia" [color=crimson]
	"022 Humanidades (exceto línguas)" -- "0221 Religião e teologia" [fillcolor=steelblue3]
	"0221C01 Ciências da religião" [color=springgreen1]
	"0221 Religião e teologia" -- "0221C01 Ciências da religião" [label="Rótulo"]
	"0221T01 Teologia" [color=springgreen1]
	"0221 Religião e teologia" -- "0221T01 Teologia" [label="Rótulo"]
	"0222 História e arqueologia" [color=crimson]
	"022 Humanidades (exceto línguas)" -- "0222 História e arqueologia" [fillcolor=steelblue3]
	"0222A01 Arqueologia" [color=springgreen1]
	"0222 História e arqueologia" -- "0222A01 Arqueologia" [label="Rótulo"]
	"0222H01 História" [color=springgreen1]
	"0222 História e arqueologia" -- "0222H01 História" [label="Rótulo"]
	"0222M01 Museologia" [color=springgreen1]
	"0222 História e arqueologia" -- "0222M01 Museologia" [label="Rótulo"]
	"0223 Filosofia e ética" [color=crimson]
	"022 Humanidades (exceto línguas)" -- "0223 Filosofia e ética" [fillcolor=steelblue3]
	"0223F01 Filosofia" [color=springgreen1]
	"0223 Filosofia e ética" -- "0223F01 Filosofia" [label="Rótulo"]
	"02 Artes e humanidades" [color=steelblue3]
	"023 Línguas " [color=gold]
	"02 Artes e humanidades" -- "023 Línguas " [fillcolor=steelblue3]
	"0231 Letras" [color=crimson]
	"023 Línguas " -- "0231 Letras" [fillcolor=steelblue3]
	"0231L01 Letras escrita criativa" [color=springgreen1]
	"0231 Letras" -- "0231L01 Letras escrita criativa" [label="Rótulo"]
	"0231L02 Letras espanhol" [color=springgreen1]
	"0231 Letras" -- "0231L02 Letras espanhol" [label="Rótulo"]
	"0231L03 Letras francês" [color=springgreen1]
	"0231 Letras" -- "0231L03 Letras francês" [label="Rótulo"]
	"0231L04 Letras inglês" [color=springgreen1]
	"0231 Letras" -- "0231L04 Letras inglês" [label="Rótulo"]
	"0231L05 Letras língua brasileira de sinais" [color=springgreen1]
	"0231 Letras" -- "0231L05 Letras língua brasileira de sinais" [label="Rótulo"]
	"0231L06 Letras línguas estrangeiras clássicas" [color=springgreen1]
	"0231 Letras" -- "0231L06 Letras línguas estrangeiras clássicas" [label="Rótulo"]
	"0231L07 Letras outras línguas estrangeiras modernas" [color=springgreen1]
	"0231 Letras" -- "0231L07 Letras outras línguas estrangeiras modernas" [label="Rótulo"]
	"0231L08 Letras português" [color=springgreen1]
	"0231 Letras" -- "0231L08 Letras português" [label="Rótulo"]
	"0231L09 Letras português espanhol" [color=springgreen1]
	"0231 Letras" -- "0231L09 Letras português espanhol" [label="Rótulo"]
	"0231L10 Letras português francês" [color=springgreen1]
	"0231 Letras" -- "0231L10 Letras português francês" [label="Rótulo"]
	"0231L11 Letras português inglês" [color=springgreen1]
	"0231 Letras" -- "0231L11 Letras português inglês" [label="Rótulo"]
	"0231L12 Letras português língua brasileira de sinais" [color=springgreen1]
	"0231 Letras" -- "0231L12 Letras português língua brasileira de sinais" [label="Rótulo"]
	"0231L13 Letras português línguas estrangeiras clássicas" [color=springgreen1]
	"0231 Letras" -- "0231L13 Letras português línguas estrangeiras clássicas" [label="Rótulo"]
	"0231L14 Letras português outras línguas estrangeiras modernas" [color=springgreen1]
	"0231 Letras" -- "0231L14 Letras português outras línguas estrangeiras modernas" [label="Rótulo"]
	"0231L15 Letras tradutor e intérprete" [color=springgreen1]
	"0231 Letras" -- "0231L15 Letras tradutor e intérprete" [label="Rótulo"]
	"02 Artes e humanidades" [color=steelblue3]
	"028 Programas interdisciplinares abrangendo artes e humanidades" [color=gold]
	"02 Artes e humanidades" -- "028 Programas interdisciplinares abrangendo artes e humanidades" [fillcolor=steelblue3]
	"0288 Programas interdisciplinares abrangendo artes e humanidades" [color=crimson]
	"028 Programas interdisciplinares abrangendo artes e humanidades" -- "0288 Programas interdisciplinares abrangendo artes e humanidades" [fillcolor=steelblue3]
	"0288P01 Programas interdisciplinares abrangendo artes e humanidades" [color=springgreen1]
	"0288 Programas interdisciplinares abrangendo artes e humanidades" -- "0288P01 Programas interdisciplinares abrangendo artes e humanidades" [label="Rótulo"]
	"03 Ciências sociais, jornalismo e informação" [color=steelblue3]
	"031 Ciências sociais e comportamentais" [color=gold]
	"03 Ciências sociais, jornalismo e informação" -- "031 Ciências sociais e comportamentais" [fillcolor=steelblue3]
	"0311 Economia" [color=crimson]
	"031 Ciências sociais e comportamentais" -- "0311 Economia" [fillcolor=steelblue3]
	"0311E01 Economia" [color=springgreen1]
	"0311 Economia" -- "0311E01 Economia" [label="Rótulo"]
	"0312 Ciências sociais e políticas" [color=crimson]
	"031 Ciências sociais e comportamentais" -- "0312 Ciências sociais e políticas" [fillcolor=steelblue3]
	"0312A01 Antropologia" [color=springgreen1]
	"0312 Ciências sociais e políticas" -- "0312A01 Antropologia" [label="Rótulo"]
	"0312C01 Ciência política" [color=springgreen1]
	"0312 Ciências sociais e políticas" -- "0312C01 Ciência política" [label="Rótulo"]
	"0312C02 Ciências sociais" [color=springgreen1]
	"0312 Ciências sociais e políticas" -- "0312C02 Ciências sociais" [label="Rótulo"]
	"0312G01 Geografia" [color=springgreen1]
	"0312 Ciências sociais e políticas" -- "0312G01 Geografia" [label="Rótulo"]
	"0312R01 Relações internacionais" [color=springgreen1]
	"0312 Ciências sociais e políticas" -- "0312R01 Relações internacionais" [label="Rótulo"]
	"0312S01 Sociologia" [color=springgreen1]
	"0312 Ciências sociais e políticas" -- "0312S01 Sociologia" [label="Rótulo"]
	"0313 Psicologia" [color=crimson]
	"031 Ciências sociais e comportamentais" -- "0313 Psicologia" [fillcolor=steelblue3]
	"0313P01 Psicologia" [color=springgreen1]
	"0313 Psicologia" -- "0313P01 Psicologia" [label="Rótulo"]
	"03 Ciências sociais, jornalismo e informação" [color=steelblue3]
	"032 Jornalismo e informação " [color=gold]
	"03 Ciências sociais, jornalismo e informação" -- "032 Jornalismo e informação " [fillcolor=steelblue3]
	"0321 Jornalismo e reportagem" [color=crimson]
	"032 Jornalismo e informação " -- "0321 Jornalismo e reportagem" [fillcolor=steelblue3]
	"0321A01 Audiovisual" [color=springgreen1]
	"0321 Jornalismo e reportagem" -- "0321A01 Audiovisual" [label="Rótulo"]
	"0321C01 Comunicação social" [color=springgreen1]
	"0321 Jornalismo e reportagem" -- "0321C01 Comunicação social" [label="Rótulo"]
	"0321J01 Jornalismo" [color=springgreen1]
	"0321 Jornalismo e reportagem" -- "0321J01 Jornalismo" [label="Rótulo"]
	"0321P01 Produção editorial" [color=springgreen1]
	"0321 Jornalismo e reportagem" -- "0321P01 Produção editorial" [label="Rótulo"]
	"0321R01 Radialismo" [color=springgreen1]
	"0321 Jornalismo e reportagem" -- "0321R01 Radialismo" [label="Rótulo"]
	"0322 Biblioteconomia, informação e estudos arquivísticos" [color=crimson]
	"032 Jornalismo e informação " -- "0322 Biblioteconomia, informação e estudos arquivísticos" [fillcolor=steelblue3]
	"0322A01 Arquivologia" [color=springgreen1]
	"0322 Biblioteconomia, informação e estudos arquivísticos" -- "0322A01 Arquivologia" [label="Rótulo"]
	"0322B01 Biblioteconomia" [color=springgreen1]
	"0322 Biblioteconomia, informação e estudos arquivísticos" -- "0322B01 Biblioteconomia" [label="Rótulo"]
	"0322G01 Gestão da informação" [color=springgreen1]
	"0322 Biblioteconomia, informação e estudos arquivísticos" -- "0322G01 Gestão da informação" [label="Rótulo"]
	"03 Ciências sociais, jornalismo e informação" [color=steelblue3]
	"038 Programas interdisciplinares abrangendo ciências sociais, jornalismo e informação" [color=gold]
	"03 Ciências sociais, jornalismo e informação" -- "038 Programas interdisciplinares abrangendo ciências sociais, jornalismo e informação" [fillcolor=steelblue3]
	"0388 Programas interdisciplinares abrangendo ciências sociais, jornalismo e informação" [color=crimson]
	"038 Programas interdisciplinares abrangendo ciências sociais, jornalismo e informação" -- "0388 Programas interdisciplinares abrangendo ciências sociais, jornalismo e informação" [fillcolor=steelblue3]
	"0388P01 Programas interdisciplinares abrangendo ciências sociais, jornalismo e informação" [color=springgreen1]
	"0388 Programas interdisciplinares abrangendo ciências sociais, jornalismo e informação" -- "0388P01 Programas interdisciplinares abrangendo ciências sociais, jornalismo e informação" [label="Rótulo"]
	"04 Negócios, administração e direito" [color=steelblue3]
	"041 Negócios e administração" [color=gold]
	"04 Negócios, administração e direito" -- "041 Negócios e administração" [fillcolor=steelblue3]
	"0411 Contabilidade e tributação" [color=crimson]
	"041 Negócios e administração" -- "0411 Contabilidade e tributação" [fillcolor=steelblue3]
	"0411C01 Contabilidade" [color=springgreen1]
	"0411 Contabilidade e tributação" -- "0411C01 Contabilidade" [label="Rótulo"]
	"0412 Finanças, bancos e seguros" [color=crimson]
	"041 Negócios e administração" -- "0412 Finanças, bancos e seguros" [fillcolor=steelblue3]
	"0412G01 Gestão financeira" [color=springgreen1]
	"0412 Finanças, bancos e seguros" -- "0412G01 Gestão financeira" [label="Rótulo"]
	"0412S01 Seguros" [color=springgreen1]
	"0412 Finanças, bancos e seguros" -- "0412S01 Seguros" [label="Rótulo"]
	"0413 Gestão e administração" [color=crimson]
	"041 Negócios e administração" -- "0413 Gestão e administração" [fillcolor=steelblue3]
	"0413A01 Administração" [color=springgreen1]
	"0413 Gestão e administração" -- "0413A01 Administração" [label="Rótulo"]
	"0413A02 Administração pública" [color=springgreen1]
	"0413 Gestão e administração" -- "0413A02 Administração pública" [label="Rótulo"]
	"0413C01 Comércio exterior" [color=springgreen1]
	"0413 Gestão e administração" -- "0413C01 Comércio exterior" [label="Rótulo"]
	"0413E01 Empreendedorismo" [color=springgreen1]
	"0413 Gestão e administração" -- "0413E01 Empreendedorismo" [label="Rótulo"]
	"0413G01 Gestão da produção" [color=springgreen1]
	"0413 Gestão e administração" -- "0413G01 Gestão da produção" [label="Rótulo"]
	"0413G02 Gestão da qualidade" [color=springgreen1]
	"0413 Gestão e administração" -- "0413G02 Gestão da qualidade" [label="Rótulo"]
	"0413G03 Gestão da saúde" [color=springgreen1]
	"0413 Gestão e administração" -- "0413G03 Gestão da saúde" [label="Rótulo"]
	"0413G04 Gestão de cooperativas" [color=springgreen1]
	"0413 Gestão e administração" -- "0413G04 Gestão de cooperativas" [label="Rótulo"]
	"0413G05 Gestão de negócios" [color=springgreen1]
	"0413 Gestão e administração" -- "0413G05 Gestão de negócios" [label="Rótulo"]
	"0413G06 Gestão de negócios internacionais" [color=springgreen1]
	"0413 Gestão e administração" -- "0413G06 Gestão de negócios internacionais" [label="Rótulo"]
	"0413G07 Gestão de pessoas" [color=springgreen1]
	"0413 Gestão e administração" -- "0413G07 Gestão de pessoas" [label="Rótulo"]
	"0413G08 Gestão de serviços" [color=springgreen1]
	"0413 Gestão e administração" -- "0413G08 Gestão de serviços" [label="Rótulo"]
	"0413G09 Gestão estratégica" [color=springgreen1]
	"0413 Gestão e administração" -- "0413G09 Gestão estratégica" [label="Rótulo"]
	"0413G10 Gestão hospitalar" [color=springgreen1]
	"0413 Gestão e administração" -- "0413G10 Gestão hospitalar" [label="Rótulo"]
	"0413L01 Logística" [color=springgreen1]
	"0413 Gestão e administração" -- "0413L01 Logística" [label="Rótulo"]
	"0414 Marketing e propaganda" [color=crimson]
	"041 Negócios e administração" -- "0414 Marketing e propaganda" [fillcolor=steelblue3]
	"0414M01 Marketing" [color=springgreen1]
	"0414 Marketing e propaganda" -- "0414M01 Marketing" [label="Rótulo"]
	"0414P01 Publicidade e propaganda" [color=springgreen1]
	"0414 Marketing e propaganda" -- "0414P01 Publicidade e propaganda" [label="Rótulo"]
	"0414R01 Relações públicas" [color=springgreen1]
	"0414 Marketing e propaganda" -- "0414R01 Relações públicas" [label="Rótulo"]
	"0415 Secretariado e trabalhos de escritório" [color=crimson]
	"041 Negócios e administração" -- "0415 Secretariado e trabalhos de escritório" [fillcolor=steelblue3]
	"0415S01 Secretariado" [color=springgreen1]
	"0415 Secretariado e trabalhos de escritório" -- "0415S01 Secretariado" [label="Rótulo"]
	"0416 Gestão comercial" [color=crimson]
	"041 Negócios e administração" -- "0416 Gestão comercial" [fillcolor=steelblue3]
	"0416G01 Gestão comercial" [color=springgreen1]
	"0416 Gestão comercial" -- "0416G01 Gestão comercial" [label="Rótulo"]
	"0416N01 Negócios imobiliários" [color=springgreen1]
	"0416 Gestão comercial" -- "0416N01 Negócios imobiliários" [label="Rótulo"]
	"04 Negócios, administração e direito" [color=steelblue3]
	"042 Direito" [color=gold]
	"04 Negócios, administração e direito" -- "042 Direito" [fillcolor=steelblue3]
	"0421 Direito" [color=crimson]
	"042 Direito" -- "0421 Direito" [fillcolor=steelblue3]
	"0421D01 Direito" [color=springgreen1]
	"0421 Direito" -- "0421D01 Direito" [label="Rótulo"]
	"04 Negócios, administração e direito" [color=steelblue3]
	"048 Programas interdisciplinares abrangendo negócios, administração e direito" [color=gold]
	"04 Negócios, administração e direito" -- "048 Programas interdisciplinares abrangendo negócios, administração e direito" [fillcolor=steelblue3]
	"0488 Programas interdisciplinares abrangendo negócios, administração e direito" [color=crimson]
	"048 Programas interdisciplinares abrangendo negócios, administração e direito" -- "0488 Programas interdisciplinares abrangendo negócios, administração e direito" [fillcolor=steelblue3]
	"0488P01 Programas interdisciplinares abrangendo negócios, administração e direito" [color=springgreen1]
	"0488 Programas interdisciplinares abrangendo negócios, administração e direito" -- "0488P01 Programas interdisciplinares abrangendo negócios, administração e direito" [label="Rótulo"]
	"05 Ciências naturais, matemática e estatística" [color=steelblue3]
	"051 Ciências biológicas e correlatas" [color=gold]
	"05 Ciências naturais, matemática e estatística" -- "051 Ciências biológicas e correlatas" [fillcolor=steelblue3]
	"0511 Biologia" [color=crimson]
	"051 Ciências biológicas e correlatas" -- "0511 Biologia" [fillcolor=steelblue3]
	"0511B01 Biologia" [color=springgreen1]
	"0511 Biologia" -- "0511B01 Biologia" [label="Rótulo"]
	"0512 Bioquímica" [color=crimson]
	"051 Ciências biológicas e correlatas" -- "0512 Bioquímica" [fillcolor=steelblue3]
	"0512B01 Bioquímica" [color=springgreen1]
	"0512 Bioquímica" -- "0512B01 Bioquímica" [label="Rótulo"]
	"0512B02 Biotecnologia" [color=springgreen1]
	"0512 Bioquímica" -- "0512B02 Biotecnologia" [label="Rótulo"]
	"0512T01 Toxicologia" [color=springgreen1]
	"0512 Bioquímica" -- "0512T01 Toxicologia" [label="Rótulo"]
	"05 Ciências naturais, matemática e estatística" [color=steelblue3]
	"052 Meio ambiente" [color=gold]
	"05 Ciências naturais, matemática e estatística" -- "052 Meio ambiente" [fillcolor=steelblue3]
	"0521 Ciências ambientais" [color=crimson]
	"052 Meio ambiente" -- "0521 Ciências ambientais" [fillcolor=steelblue3]
	"0521C01 Ciências ambientais" [color=springgreen1]
	"0521 Ciências ambientais" -- "0521C01 Ciências ambientais" [label="Rótulo"]
	"0521E01 Ecologia" [color=springgreen1]
	"0521 Ciências ambientais" -- "0521E01 Ecologia" [label="Rótulo"]
	"05 Ciências naturais, matemática e estatística" [color=steelblue3]
	"053 Ciências físicas" [color=gold]
	"05 Ciências naturais, matemática e estatística" -- "053 Ciências físicas" [fillcolor=steelblue3]
	"0531 Química" [color=crimson]
	"053 Ciências físicas" -- "0531 Química" [fillcolor=steelblue3]
	"0531Q01 Química" [color=springgreen1]
	"0531 Química" -- "0531Q01 Química" [label="Rótulo"]
	"0531Q02 Química industrial e tecnológica" [color=springgreen1]
	"0531 Química" -- "0531Q02 Química industrial e tecnológica" [label="Rótulo"]
	"0532 Ciências da terra" [color=crimson]
	"053 Ciências físicas" -- "0532 Ciências da terra" [fillcolor=steelblue3]
	"0532G01 Geofísica" [color=springgreen1]
	"0532 Ciências da terra" -- "0532G01 Geofísica" [label="Rótulo"]
	"0532G02 Geologia" [color=springgreen1]
	"0532 Ciências da terra" -- "0532G02 Geologia" [label="Rótulo"]
	"0532G03 Geoprocessamento" [color=springgreen1]
	"0532 Ciências da terra" -- "0532G03 Geoprocessamento" [label="Rótulo"]
	"0532M01 Meteorologia" [color=springgreen1]
	"0532 Ciências da terra" -- "0532M01 Meteorologia" [label="Rótulo"]
	"0532O01 Oceanografia" [color=springgreen1]
	"0532 Ciências da terra" -- "0532O01 Oceanografia" [label="Rótulo"]
	"0533 Física" [color=crimson]
	"053 Ciências físicas" -- "0533 Física" [fillcolor=steelblue3]
	"0533A01 Astronomia" [color=springgreen1]
	"0533 Física" -- "0533A01 Astronomia" [label="Rótulo"]
	"0533F01 Física" [color=springgreen1]
	"0533 Física" -- "0533F01 Física" [label="Rótulo"]
	"0533F02 Física aplicada" [color=springgreen1]
	"0533 Física" -- "0533F02 Física aplicada" [label="Rótulo"]
	"0533F03 Física médica" [color=springgreen1]
	"0533 Física" -- "0533F03 Física médica" [label="Rótulo"]
	"05 Ciências naturais, matemática e estatística" [color=steelblue3]
	"054 Matemática e estatística" [color=gold]
	"05 Ciências naturais, matemática e estatística" -- "054 Matemática e estatística" [fillcolor=steelblue3]
	"0541 Matemática" [color=crimson]
	"054 Matemática e estatística" -- "0541 Matemática" [fillcolor=steelblue3]
	"0541M01 Matemática" [color=springgreen1]
	"0541 Matemática" -- "0541M01 Matemática" [label="Rótulo"]
	"0541M02 Matemática aplicada e computacional" [color=springgreen1]
	"0541 Matemática" -- "0541M02 Matemática aplicada e computacional" [label="Rótulo"]
	"0542 Estatística" [color=crimson]
	"054 Matemática e estatística" -- "0542 Estatística" [fillcolor=steelblue3]
	"0542C01 Ciências atuariais" [color=springgreen1]
	"0542 Estatística" -- "0542C01 Ciências atuariais" [label="Rótulo"]
	"0542E01 Estatística" [color=springgreen1]
	"0542 Estatística" -- "0542E01 Estatística" [label="Rótulo"]
	"05 Ciências naturais, matemática e estatística" [color=steelblue3]
	"058 Programas interdisciplinares abrangendo ciências naturais, matemática e estatística" [color=gold]
	"05 Ciências naturais, matemática e estatística" -- "058 Programas interdisciplinares abrangendo ciências naturais, matemática e estatística" [fillcolor=steelblue3]
	"0588 Programas interdisciplinares abrangendo ciências naturais, matemática e estatística" [color=crimson]
	"058 Programas interdisciplinares abrangendo ciências naturais, matemática e estatística" -- "0588 Programas interdisciplinares abrangendo ciências naturais, matemática e estatística" [fillcolor=steelblue3]
	"0588P01 Programas interdisciplinares abrangendo ciências naturais, matemática e estatística" [color=springgreen1]
	"0588 Programas interdisciplinares abrangendo ciências naturais, matemática e estatística" -- "0588P01 Programas interdisciplinares abrangendo ciências naturais, matemática e estatística" [label="Rótulo"]
	"06 Tecnologias da Informação e Comunicação (TIC)" [color=steelblue3]
	"061 Tecnologias da Informação e Comunicação (TIC)" [color=gold]
	"06 Tecnologias da Informação e Comunicação (TIC)" -- "061 Tecnologias da Informação e Comunicação (TIC)" [fillcolor=steelblue3]
	"0612 Infraestrutura e gestão de TIC" [color=crimson]
	"061 Tecnologias da Informação e Comunicação (TIC)" -- "0612 Infraestrutura e gestão de TIC" [fillcolor=steelblue3]
	"0612B01 Banco de dados" [color=springgreen1]
	"0612 Infraestrutura e gestão de TIC" -- "0612B01 Banco de dados" [label="Rótulo"]
	"0612D01 Defesa cibernética" [color=springgreen1]
	"0612 Infraestrutura e gestão de TIC" -- "0612D01 Defesa cibernética" [label="Rótulo"]
	"0612G01 Gestão da tecnologia da informação" [color=springgreen1]
	"0612 Infraestrutura e gestão de TIC" -- "0612G01 Gestão da tecnologia da informação" [label="Rótulo"]
	"0612R01 Redes de computadores" [color=springgreen1]
	"0612 Infraestrutura e gestão de TIC" -- "0612R01 Redes de computadores" [label="Rótulo"]
	"0613 Produção de software" [color=crimson]
	"061 Tecnologias da Informação e Comunicação (TIC)" -- "0613 Produção de software" [fillcolor=steelblue3]
	"0613E01 Engenharia de software" [color=springgreen1]
	"0613 Produção de software" -- "0613E01 Engenharia de software" [label="Rótulo"]
	"0613J01 Jogos digitais" [color=springgreen1]
	"0613 Produção de software" -- "0613J01 Jogos digitais" [label="Rótulo"]
	"0614 Ciência da computação" [color=crimson]
	"061 Tecnologias da Informação e Comunicação (TIC)" -- "0614 Ciência da computação" [fillcolor=steelblue3]
	"0614C01 Ciência da computação" [color=springgreen1]
	"0614 Ciência da computação" -- "0614C01 Ciência da computação" [label="Rótulo"]
	"0615 Sistemas de informação" [color=crimson]
	"061 Tecnologias da Informação e Comunicação (TIC)" -- "0615 Sistemas de informação" [fillcolor=steelblue3]
	"0615S01 Segurança da informação" [color=springgreen1]
	"0615 Sistemas de informação" -- "0615S01 Segurança da informação" [label="Rótulo"]
	"0615S02 Sistemas de informação" [color=springgreen1]
	"0615 Sistemas de informação" -- "0615S02 Sistemas de informação" [label="Rótulo"]
	"0615S03 Sistemas para internet" [color=springgreen1]
	"0615 Sistemas de informação" -- "0615S03 Sistemas para internet" [label="Rótulo"]
	"0616 Engenharia de computação" [color=crimson]
	"061 Tecnologias da Informação e Comunicação (TIC)" -- "0616 Engenharia de computação" [fillcolor=steelblue3]
	"0616E01 Engenharia de computação (DCN Computação)" [color=springgreen1]
	"0616 Engenharia de computação" -- "0616E01 Engenharia de computação (DCN Computação)" [label="Rótulo"]
	"0616S01 Sistemas embarcados" [color=springgreen1]
	"0616 Engenharia de computação" -- "0616S01 Sistemas embarcados" [label="Rótulo"]
	"06 Tecnologias da Informação e Comunicação (TIC)" [color=steelblue3]
	"068 Programas interdisciplinares abrangendo Tecnologias da Informação e Comunicação (TIC)" [color=gold]
	"06 Tecnologias da Informação e Comunicação (TIC)" -- "068 Programas interdisciplinares abrangendo Tecnologias da Informação e Comunicação (TIC)" [fillcolor=steelblue3]
	"0688 Programas interdisciplinares abrangendo Tecnologias da Informação e Comunicação (TIC)" [color=crimson]
	"068 Programas interdisciplinares abrangendo Tecnologias da Informação e Comunicação (TIC)" -- "0688 Programas interdisciplinares abrangendo Tecnologias da Informação e Comunicação (TIC)" [fillcolor=steelblue3]
	"0688P01 Programas interdisciplinares abrangendo Tecnologias da Informação e Comunicação (TIC)" [color=springgreen1]
	"0688 Programas interdisciplinares abrangendo Tecnologias da Informação e Comunicação (TIC)" -- "0688P01 Programas interdisciplinares abrangendo Tecnologias da Informação e Comunicação (TIC)" [label="Rótulo"]
	"07 Engenharia, produção e construção" [color=steelblue3]
	"071 Engenharia e profissões correlatas" [color=gold]
	"07 Engenharia, produção e construção" -- "071 Engenharia e profissões correlatas" [fillcolor=steelblue3]
	"0710 Engenharia e profissões correlatas sem definição precisa" [color=crimson]
	"071 Engenharia e profissões correlatas" -- "0710 Engenharia e profissões correlatas sem definição precisa" [fillcolor=steelblue3]
	"0710E01 Engenharia" [color=springgreen1]
	"0710 Engenharia e profissões correlatas sem definição precisa" -- "0710E01 Engenharia" [label="Rótulo"]
	"0711 Engenharia química e de processos" [color=crimson]
	"071 Engenharia e profissões correlatas" -- "0711 Engenharia química e de processos" [fillcolor=steelblue3]
	"0711B01 Biocombustíveis" [color=springgreen1]
	"0711 Engenharia química e de processos" -- "0711B01 Biocombustíveis" [label="Rótulo"]
	"0711E01 Engenharia bioquímica" [color=springgreen1]
	"0711 Engenharia química e de processos" -- "0711E01 Engenharia bioquímica" [label="Rótulo"]
	"0711E02 Engenharia de bioprocessos" [color=springgreen1]
	"0711 Engenharia química e de processos" -- "0711E02 Engenharia de bioprocessos" [label="Rótulo"]
	"0711E03 Engenharia de biossistemas" [color=springgreen1]
	"0711 Engenharia química e de processos" -- "0711E03 Engenharia de biossistemas" [label="Rótulo"]
	"0711E04 Engenharia de biotecnologia" [color=springgreen1]
	"0711 Engenharia química e de processos" -- "0711E04 Engenharia de biotecnologia" [label="Rótulo"]
	"0711E05 Engenharia de nanotecnologia" [color=springgreen1]
	"0711 Engenharia química e de processos" -- "0711E05 Engenharia de nanotecnologia" [label="Rótulo"]
	"0711E06 Engenharia química" [color=springgreen1]
	"0711 Engenharia química e de processos" -- "0711E06 Engenharia química" [label="Rótulo"]
	"0712 Tecnologia de proteção ambiental" [color=crimson]
	"071 Engenharia e profissões correlatas" -- "0712 Tecnologia de proteção ambiental" [fillcolor=steelblue3]
	"0712E01 Engenharia ambiental e sanitária" [color=springgreen1]
	"0712 Tecnologia de proteção ambiental" -- "0712E01 Engenharia ambiental e sanitária" [label="Rótulo"]
	"0712E02 Engenharia de recursos hídricos" [color=springgreen1]
	"0712 Tecnologia de proteção ambiental" -- "0712E02 Engenharia de recursos hídricos" [label="Rótulo"]
	"0712G01 Gestão ambiental" [color=springgreen1]
	"0712 Tecnologia de proteção ambiental" -- "0712G01 Gestão ambiental" [label="Rótulo"]
	"0712G02 Gestão de recursos hídricos" [color=springgreen1]
	"0712 Tecnologia de proteção ambiental" -- "0712G02 Gestão de recursos hídricos" [label="Rótulo"]
	"0712G03 Gestão de resíduos sólidos" [color=springgreen1]
	"0712 Tecnologia de proteção ambiental" -- "0712G03 Gestão de resíduos sólidos" [label="Rótulo"]
	"0712S01 Saneamento ambiental" [color=springgreen1]
	"0712 Tecnologia de proteção ambiental" -- "0712S01 Saneamento ambiental" [label="Rótulo"]
	"0713 Eletricidade e energia" [color=crimson]
	"071 Engenharia e profissões correlatas" -- "0713 Eletricidade e energia" [fillcolor=steelblue3]
	"0713E01 Eletrotécnica industrial" [color=springgreen1]
	"0713 Eletricidade e energia" -- "0713E01 Eletrotécnica industrial" [label="Rótulo"]
	"0713E02 Energias renováveis" [color=springgreen1]
	"0713 Eletricidade e energia" -- "0713E02 Energias renováveis" [label="Rótulo"]
	"0713E03 Engenharia bioenergética" [color=springgreen1]
	"0713 Eletricidade e energia" -- "0713E03 Engenharia bioenergética" [label="Rótulo"]
	"0713E04 Engenharia de energia" [color=springgreen1]
	"0713 Eletricidade e energia" -- "0713E04 Engenharia de energia" [label="Rótulo"]
	"0713E05 Engenharia elétrica" [color=springgreen1]
	"0713 Eletricidade e energia" -- "0713E05 Engenharia elétrica" [label="Rótulo"]
	"0713E06 Engenharia nuclear" [color=springgreen1]
	"0713 Eletricidade e energia" -- "0713E06 Engenharia nuclear" [label="Rótulo"]
	"0713R01 Refrigeração e climatização" [color=springgreen1]
	"0713 Eletricidade e energia" -- "0713R01 Refrigeração e climatização" [label="Rótulo"]
	"0713S01 Sistemas elétricos" [color=springgreen1]
	"0713 Eletricidade e energia" -- "0713S01 Sistemas elétricos" [label="Rótulo"]
	"0714 Eletrônica e automação" [color=crimson]
	"071 Engenharia e profissões correlatas" -- "0714 Eletrônica e automação" [fillcolor=steelblue3]
	"0714A01 Automação industrial" [color=springgreen1]
	"0714 Eletrônica e automação" -- "0714A01 Automação industrial" [label="Rótulo"]
	"0714E01 Eletrônica industrial" [color=springgreen1]
	"0714 Eletrônica e automação" -- "0714E01 Eletrônica industrial" [label="Rótulo"]
	"0714E02 Engenharia acústica" [color=springgreen1]
	"0714 Eletrônica e automação" -- "0714E02 Engenharia acústica" [label="Rótulo"]
	"0714E03 Engenharia biomédica" [color=springgreen1]
	"0714 Eletrônica e automação" -- "0714E03 Engenharia biomédica" [label="Rótulo"]
	"0714E04 Engenharia de computação (DCN Engenharia)" [color=springgreen1]
	"0714 Eletrônica e automação" -- "0714E04 Engenharia de computação (DCN Engenharia)" [label="Rótulo"]
	"0714E05 Engenharia de controle e automação" [color=springgreen1]
	"0714 Eletrônica e automação" -- "0714E05 Engenharia de controle e automação" [label="Rótulo"]
	"0714E06 Engenharia de telecomunicações" [color=springgreen1]
	"0714 Eletrônica e automação" -- "0714E06 Engenharia de telecomunicações" [label="Rótulo"]
	"0714E07 Engenharia eletrônica" [color=springgreen1]
	"0714 Eletrônica e automação" -- "0714E07 Engenharia eletrônica" [label="Rótulo"]
	"0714E08 Engenharia mecatrônica" [color=springgreen1]
	"0714 Eletrônica e automação" -- "0714E08 Engenharia mecatrônica" [label="Rótulo"]
	"0714G01 Gestão de telecomunicações" [color=springgreen1]
	"0714 Eletrônica e automação" -- "0714G01 Gestão de telecomunicações" [label="Rótulo"]
	"0714M01 Mecatrônica industrial" [color=springgreen1]
	"0714 Eletrônica e automação" -- "0714M01 Mecatrônica industrial" [label="Rótulo"]
	"0714R01 Redes de telecomunicações" [color=springgreen1]
	"0714 Eletrônica e automação" -- "0714R01 Redes de telecomunicações" [label="Rótulo"]
	"0714S01 Sistemas biomédicos" [color=springgreen1]
	"0714 Eletrônica e automação" -- "0714S01 Sistemas biomédicos" [label="Rótulo"]
	"0714S02 Sistemas de telecomunicações" [color=springgreen1]
	"0714 Eletrônica e automação" -- "0714S02 Sistemas de telecomunicações" [label="Rótulo"]
	"0714T01 Telemática" [color=springgreen1]
	"0714 Eletrônica e automação" -- "0714T01 Telemática" [label="Rótulo"]
	"0715 Engenharia mecânica e metalurgia" [color=crimson]
	"071 Engenharia e profissões correlatas" -- "0715 Engenharia mecânica e metalurgia" [fillcolor=steelblue3]
	"0715E01 Engenharia física" [color=springgreen1]
	"0715 Engenharia mecânica e metalurgia" -- "0715E01 Engenharia física" [label="Rótulo"]
	"0715E02 Engenharia mecânica" [color=springgreen1]
	"0715 Engenharia mecânica e metalurgia" -- "0715E02 Engenharia mecânica" [label="Rótulo"]
	"0715E03 Engenharia metalúrgica" [color=springgreen1]
	"0715 Engenharia mecânica e metalurgia" -- "0715E03 Engenharia metalúrgica" [label="Rótulo"]
	"0715F01 Fabricação mecânica" [color=springgreen1]
	"0715 Engenharia mecânica e metalurgia" -- "0715F01 Fabricação mecânica" [label="Rótulo"]
	"0715M01 Manutenção industrial" [color=springgreen1]
	"0715 Engenharia mecânica e metalurgia" -- "0715M01 Manutenção industrial" [label="Rótulo"]
	"0715M02 Mecânica de precisão" [color=springgreen1]
	"0715 Engenharia mecânica e metalurgia" -- "0715M02 Mecânica de precisão" [label="Rótulo"]
	"0715P01 Processos metalúrgicos" [color=springgreen1]
	"0715 Engenharia mecânica e metalurgia" -- "0715P01 Processos metalúrgicos" [label="Rótulo"]
	"0715S01 Soldagem" [color=springgreen1]
	"0715 Engenharia mecânica e metalurgia" -- "0715S01 Soldagem" [label="Rótulo"]
	"0716 Veículos a motor, construção naval, aeronáutica, ferroviária e metroviária" [color=crimson]
	"071 Engenharia e profissões correlatas" -- "0716 Veículos a motor, construção naval, aeronáutica, ferroviária e metroviária" [fillcolor=steelblue3]
	"0716A01 Aeroespacial" [color=springgreen1]
	"0716 Veículos a motor, construção naval, aeronáutica, ferroviária e metroviária" -- "0716A01 Aeroespacial" [label="Rótulo"]
	"0716C01 Construção naval" [color=springgreen1]
	"0716 Veículos a motor, construção naval, aeronáutica, ferroviária e metroviária" -- "0716C01 Construção naval" [label="Rótulo"]
	"0716E01 Engenharia aeroespacial" [color=springgreen1]
	"0716 Veículos a motor, construção naval, aeronáutica, ferroviária e metroviária" -- "0716E01 Engenharia aeroespacial" [label="Rótulo"]
	"0716E02 Engenharia aeronáutica" [color=springgreen1]
	"0716 Veículos a motor, construção naval, aeronáutica, ferroviária e metroviária" -- "0716E02 Engenharia aeronáutica" [label="Rótulo"]
	"0716E03 Engenharia automotiva" [color=springgreen1]
	"0716 Veículos a motor, construção naval, aeronáutica, ferroviária e metroviária" -- "0716E03 Engenharia automotiva" [label="Rótulo"]
	"0716E04 Engenharia de infraestrutura" [color=springgreen1]
	"0716 Veículos a motor, construção naval, aeronáutica, ferroviária e metroviária" -- "0716E04 Engenharia de infraestrutura" [label="Rótulo"]
	"0716E05 Engenharia de transportes" [color=springgreen1]
	"0716 Veículos a motor, construção naval, aeronáutica, ferroviária e metroviária" -- "0716E05 Engenharia de transportes" [label="Rótulo"]
	"0716E06 Engenharia ferroviária e metroviária" [color=springgreen1]
	"0716 Veículos a motor, construção naval, aeronáutica, ferroviária e metroviária" -- "0716E06 Engenharia ferroviária e metroviária" [label="Rótulo"]
	"0716E07 Engenharia naval" [color=springgreen1]
	"0716 Veículos a motor, construção naval, aeronáutica, ferroviária e metroviária" -- "0716E07 Engenharia naval" [label="Rótulo"]
	"0716M01 Manutenção de aeronaves" [color=springgreen1]
	"0716 Veículos a motor, construção naval, aeronáutica, ferroviária e metroviária" -- "0716M01 Manutenção de aeronaves" [label="Rótulo"]
	"0716S01 Sistemas automotivos" [color=springgreen1]
	"0716 Veículos a motor, construção naval, aeronáutica, ferroviária e metroviária" -- "0716S01 Sistemas automotivos" [label="Rótulo"]
	"0716S02 Sistemas de navegação fluvial" [color=springgreen1]
	"0716 Veículos a motor, construção naval, aeronáutica, ferroviária e metroviária" -- "0716S02 Sistemas de navegação fluvial" [label="Rótulo"]
	"07 Engenharia, produção e construção" [color=steelblue3]
	"072 Produção e processamento" [color=gold]
	"07 Engenharia, produção e construção" -- "072 Produção e processamento" [fillcolor=steelblue3]
	"0721 Processamento de alimentos" [color=crimson]
	"072 Produção e processamento" -- "0721 Processamento de alimentos" [fillcolor=steelblue3]
	"0721A01 Alimentos" [color=springgreen1]
	"0721 Processamento de alimentos" -- "0721A01 Alimentos" [label="Rótulo"]
	"0721E01 Engenharia de alimentos" [color=springgreen1]
	"0721 Processamento de alimentos" -- "0721E01 Engenharia de alimentos" [label="Rótulo"]
	"0721L01 Laticínios" [color=springgreen1]
	"0721 Processamento de alimentos" -- "0721L01 Laticínios" [label="Rótulo"]
	"0721P01 Processamento de carnes" [color=springgreen1]
	"0721 Processamento de alimentos" -- "0721P01 Processamento de carnes" [label="Rótulo"]
	"0721P02 Produção de cachaça" [color=springgreen1]
	"0721 Processamento de alimentos" -- "0721P02 Produção de cachaça" [label="Rótulo"]
	"0721P03 Produção sucroalcooleira" [color=springgreen1]
	"0721 Processamento de alimentos" -- "0721P03 Produção sucroalcooleira" [label="Rótulo"]
	"0722 Materiais" [color=crimson]
	"072 Produção e processamento" -- "0722 Materiais" [fillcolor=steelblue3]
	"0722C01 Cerâmica" [color=springgreen1]
	"0722 Materiais" -- "0722C01 Cerâmica" [label="Rótulo"]
	"0722C02 Ciências dos materiais" [color=springgreen1]
	"0722 Materiais" -- "0722C02 Ciências dos materiais" [label="Rótulo"]
	"0722E01 Engenharia cerâmica" [color=springgreen1]
	"0722 Materiais" -- "0722E01 Engenharia cerâmica" [label="Rótulo"]
	"0722E02 Engenharia de materiais" [color=springgreen1]
	"0722 Materiais" -- "0722E02 Engenharia de materiais" [label="Rótulo"]
	"0722P01 Papel e celulose" [color=springgreen1]
	"0722 Materiais" -- "0722P01 Papel e celulose" [label="Rótulo"]
	"0722P02 Polímeros" [color=springgreen1]
	"0722 Materiais" -- "0722P02 Polímeros" [label="Rótulo"]
	"0722P03 Produção joalheira" [color=springgreen1]
	"0722 Materiais" -- "0722P03 Produção joalheira" [label="Rótulo"]
	"0722P04 Produção moveleira" [color=springgreen1]
	"0722 Materiais" -- "0722P04 Produção moveleira" [label="Rótulo"]
	"0723 Têxteis (vestuário, calçados e couro)" [color=crimson]
	"072 Produção e processamento" -- "0723 Têxteis (vestuário, calçados e couro)" [fillcolor=steelblue3]
	"0723E01 Engenharia têxtil" [color=springgreen1]
	"0723 Têxteis (vestuário, calçados e couro)" -- "0723E01 Engenharia têxtil" [label="Rótulo"]
	"0723P01 Produção de vestuário" [color=springgreen1]
	"0723 Têxteis (vestuário, calçados e couro)" -- "0723P01 Produção de vestuário" [label="Rótulo"]
	"0723P02 Produção têxtil" [color=springgreen1]
	"0723 Têxteis (vestuário, calçados e couro)" -- "0723P02 Produção têxtil" [label="Rótulo"]
	"0724 Mineração e extração" [color=crimson]
	"072 Produção e processamento" -- "0724 Mineração e extração" [fillcolor=steelblue3]
	"0724E01 Engenharia de minas" [color=springgreen1]
	"0724 Mineração e extração" -- "0724E01 Engenharia de minas" [label="Rótulo"]
	"0724E02 Engenharia de petróleo" [color=springgreen1]
	"0724 Mineração e extração" -- "0724E02 Engenharia de petróleo" [label="Rótulo"]
	"0724E03 Engenharia geológica" [color=springgreen1]
	"0724 Mineração e extração" -- "0724E03 Engenharia geológica" [label="Rótulo"]
	"0724M01 Mineração" [color=springgreen1]
	"0724 Mineração e extração" -- "0724M01 Mineração" [label="Rótulo"]
	"0724P01 Petróleo e gás" [color=springgreen1]
	"0724 Mineração e extração" -- "0724P01 Petróleo e gás" [label="Rótulo"]
	"0724R01 Rochas ornamentais" [color=springgreen1]
	"0724 Mineração e extração" -- "0724R01 Rochas ornamentais" [label="Rótulo"]
	"0725 Produção e processos de fabricação" [color=crimson]
	"072 Produção e processamento" -- "0725 Produção e processos de fabricação" [fillcolor=steelblue3]
	"0725E01 Engenharia de manufatura" [color=springgreen1]
	"0725 Produção e processos de fabricação" -- "0725E01 Engenharia de manufatura" [label="Rótulo"]
	"0725E02 Engenharia de produção" [color=springgreen1]
	"0725 Produção e processos de fabricação" -- "0725E02 Engenharia de produção" [label="Rótulo"]
	"0725E03 Engenharia industrial" [color=springgreen1]
	"0725 Produção e processos de fabricação" -- "0725E03 Engenharia industrial" [label="Rótulo"]
	"0725P01 Produção gráfica" [color=springgreen1]
	"0725 Produção e processos de fabricação" -- "0725P01 Produção gráfica" [label="Rótulo"]
	"0725P02 Produção industrial" [color=springgreen1]
	"0725 Produção e processos de fabricação" -- "0725P02 Produção industrial" [label="Rótulo"]
	"07 Engenharia, produção e construção" [color=steelblue3]
	"073 Arquitetura e construção" [color=gold]
	"07 Engenharia, produção e construção" -- "073 Arquitetura e construção" [fillcolor=steelblue3]
	"0731 Arquitetura e urbanismo" [color=crimson]
	"073 Arquitetura e construção" -- "0731 Arquitetura e urbanismo" [fillcolor=steelblue3]
	"0731A01 Arquitetura e urbanismo" [color=springgreen1]
	"0731 Arquitetura e urbanismo" -- "0731A01 Arquitetura e urbanismo" [label="Rótulo"]
	"0732 Engenharia civil e construção" [color=crimson]
	"073 Arquitetura e construção" -- "0732 Engenharia civil e construção" [fillcolor=steelblue3]
	"0732A01 Agrimensura" [color=springgreen1]
	"0732 Engenharia civil e construção" -- "0732A01 Agrimensura" [label="Rótulo"]
	"0732C01 Construção de edifícios" [color=springgreen1]
	"0732 Engenharia civil e construção" -- "0732C01 Construção de edifícios" [label="Rótulo"]
	"0732C02 Controle de obras" [color=springgreen1]
	"0732 Engenharia civil e construção" -- "0732C02 Controle de obras" [label="Rótulo"]
	"0732E01 Engenharia cartográfica" [color=springgreen1]
	"0732 Engenharia civil e construção" -- "0732E01 Engenharia cartográfica" [label="Rótulo"]
	"0732E02 Engenharia civil" [color=springgreen1]
	"0732 Engenharia civil e construção" -- "0732E02 Engenharia civil" [label="Rótulo"]
	"0732E03 Engenharia de agrimensura" [color=springgreen1]
	"0732 Engenharia civil e construção" -- "0732E03 Engenharia de agrimensura" [label="Rótulo"]
	"0732E04 Engenharia portuária" [color=springgreen1]
	"0732 Engenharia civil e construção" -- "0732E04 Engenharia portuária" [label="Rótulo"]
	"0732E05 Estradas" [color=springgreen1]
	"0732 Engenharia civil e construção" -- "0732E05 Estradas" [label="Rótulo"]
	"0732M01 Material de construção" [color=springgreen1]
	"0732 Engenharia civil e construção" -- "0732M01 Material de construção" [label="Rótulo"]
	"07 Engenharia, produção e construção" [color=steelblue3]
	"078 Programas interdisciplinares abrangendo engenharia, produção e construção" [color=gold]
	"07 Engenharia, produção e construção" -- "078 Programas interdisciplinares abrangendo engenharia, produção e construção" [fillcolor=steelblue3]
	"0788 Programas interdisciplinares abrangendo engenharia, produção e construção" [color=crimson]
	"078 Programas interdisciplinares abrangendo engenharia, produção e construção" -- "0788 Programas interdisciplinares abrangendo engenharia, produção e construção" [fillcolor=steelblue3]
	"0788P01 Programas interdisciplinares abrangendo engenharia, produção e construção" [color=springgreen1]
	"0788 Programas interdisciplinares abrangendo engenharia, produção e construção" -- "0788P01 Programas interdisciplinares abrangendo engenharia, produção e construção" [label="Rótulo"]
	"08 Agricultura, silvicultura, pesca e veterinária" [color=steelblue3]
	"081 Agricultura" [color=gold]
	"08 Agricultura, silvicultura, pesca e veterinária" -- "081 Agricultura" [fillcolor=steelblue3]
	"0811 Produção agrícola e pecuária" [color=crimson]
	"081 Agricultura" -- "0811 Produção agrícola e pecuária" [fillcolor=steelblue3]
	"0811A01 Agroecologia" [color=springgreen1]
	"0811 Produção agrícola e pecuária" -- "0811A01 Agroecologia" [label="Rótulo"]
	"0811A02 Agroindústria" [color=springgreen1]
	"0811 Produção agrícola e pecuária" -- "0811A02 Agroindústria" [label="Rótulo"]
	"0811A03 Agronegócio" [color=springgreen1]
	"0811 Produção agrícola e pecuária" -- "0811A03 Agronegócio" [label="Rótulo"]
	"0811A04 Agronomia" [color=springgreen1]
	"0811 Produção agrícola e pecuária" -- "0811A04 Agronomia" [label="Rótulo"]
	"0811A05 Agropecuária" [color=springgreen1]
	"0811 Produção agrícola e pecuária" -- "0811A05 Agropecuária" [label="Rótulo"]
	"0811C01 Cafeicultura" [color=springgreen1]
	"0811 Produção agrícola e pecuária" -- "0811C01 Cafeicultura" [label="Rótulo"]
	"0811E01 Engenharia agrícola" [color=springgreen1]
	"0811 Produção agrícola e pecuária" -- "0811E01 Engenharia agrícola" [label="Rótulo"]
	"0811F01 Fruticultura" [color=springgreen1]
	"0811 Produção agrícola e pecuária" -- "0811F01 Fruticultura" [label="Rótulo"]
	"0811I01 Irrigação e drenagem" [color=springgreen1]
	"0811 Produção agrícola e pecuária" -- "0811I01 Irrigação e drenagem" [label="Rótulo"]
	"0811M01 Manejo da produção agrícola" [color=springgreen1]
	"0811 Produção agrícola e pecuária" -- "0811M01 Manejo da produção agrícola" [label="Rótulo"]
	"0811V01 Viticultura e enologia" [color=springgreen1]
	"0811 Produção agrícola e pecuária" -- "0811V01 Viticultura e enologia" [label="Rótulo"]
	"0811Z01 Zootecnia" [color=springgreen1]
	"0811 Produção agrícola e pecuária" -- "0811Z01 Zootecnia" [label="Rótulo"]
	"0812 Horticultura" [color=crimson]
	"081 Agricultura" -- "0812 Horticultura" [fillcolor=steelblue3]
	"0812H01 Horticultura" [color=springgreen1]
	"0812 Horticultura" -- "0812H01 Horticultura" [label="Rótulo"]
	"08 Agricultura, silvicultura, pesca e veterinária" [color=steelblue3]
	"082 Silvicultura" [color=gold]
	"08 Agricultura, silvicultura, pesca e veterinária" -- "082 Silvicultura" [fillcolor=steelblue3]
	"0821 Silvicultura" [color=crimson]
	"082 Silvicultura" -- "0821 Silvicultura" [fillcolor=steelblue3]
	"0821E01 Engenharia florestal" [color=springgreen1]
	"0821 Silvicultura" -- "0821E01 Engenharia florestal" [label="Rótulo"]
	"0821S01 Silvicultura" [color=springgreen1]
	"0821 Silvicultura" -- "0821S01 Silvicultura" [label="Rótulo"]
	"08 Agricultura, silvicultura, pesca e veterinária" [color=steelblue3]
	"083 Pesca" [color=gold]
	"08 Agricultura, silvicultura, pesca e veterinária" -- "083 Pesca" [fillcolor=steelblue3]
	"0831 Pesca" [color=crimson]
	"083 Pesca" -- "0831 Pesca" [fillcolor=steelblue3]
	"0831A01 Aquicultura" [color=springgreen1]
	"0831 Pesca" -- "0831A01 Aquicultura" [label="Rótulo"]
	"0831E01 Engenharia de pesca" [color=springgreen1]
	"0831 Pesca" -- "0831E01 Engenharia de pesca" [label="Rótulo"]
	"0831P01 Produção pesqueira" [color=springgreen1]
	"0831 Pesca" -- "0831P01 Produção pesqueira" [label="Rótulo"]
	"08 Agricultura, silvicultura, pesca e veterinária" [color=steelblue3]
	"084 Veterinária" [color=gold]
	"08 Agricultura, silvicultura, pesca e veterinária" -- "084 Veterinária" [fillcolor=steelblue3]
	"0841 Veterinária" [color=crimson]
	"084 Veterinária" -- "0841 Veterinária" [fillcolor=steelblue3]
	"0841M01 Medicina veterinária" [color=springgreen1]
	"0841 Veterinária" -- "0841M01 Medicina veterinária" [label="Rótulo"]
	"08 Agricultura, silvicultura, pesca e veterinária" [color=steelblue3]
	"088 Programas interdisciplinares abrangendo agricultura, silvicultura, pesca e veterinária" [color=gold]
	"08 Agricultura, silvicultura, pesca e veterinária" -- "088 Programas interdisciplinares abrangendo agricultura, silvicultura, pesca e veterinária" [fillcolor=steelblue3]
	"0888 Programas interdisciplinares abrangendo agricultura, silvicultura, pesca e veterinária" [color=crimson]
	"088 Programas interdisciplinares abrangendo agricultura, silvicultura, pesca e veterinária" -- "0888 Programas interdisciplinares abrangendo agricultura, silvicultura, pesca e veterinária" [fillcolor=steelblue3]
	"0888P01 Programas interdisciplinares abrangendo agricultura, silvicultura, pesca e veterinária" [color=springgreen1]
	"0888 Programas interdisciplinares abrangendo agricultura, silvicultura, pesca e veterinária" -- "0888P01 Programas interdisciplinares abrangendo agricultura, silvicultura, pesca e veterinária" [label="Rótulo"]
	"09 Saúde e bem-estar" [color=steelblue3]
	"091 Saúde" [color=gold]
	"09 Saúde e bem-estar" -- "091 Saúde" [fillcolor=steelblue3]
	"0911 Odontologia" [color=crimson]
	"091 Saúde" -- "0911 Odontologia" [fillcolor=steelblue3]
	"0911O01 Odontologia" [color=springgreen1]
	"0911 Odontologia" -- "0911O01 Odontologia" [label="Rótulo"]
	"0912 Medicina" [color=crimson]
	"091 Saúde" -- "0912 Medicina" [fillcolor=steelblue3]
	"0912M01 Medicina" [color=springgreen1]
	"0912 Medicina" -- "0912M01 Medicina" [label="Rótulo"]
	"0913 Enfermagem e obstetrícia" [color=crimson]
	"091 Saúde" -- "0913 Enfermagem e obstetrícia" [fillcolor=steelblue3]
	"0913E01 Enfermagem" [color=springgreen1]
	"0913 Enfermagem e obstetrícia" -- "0913E01 Enfermagem" [label="Rótulo"]
	"0914 Tecnologia de diagnóstico e tratamento médico" [color=crimson]
	"091 Saúde" -- "0914 Tecnologia de diagnóstico e tratamento médico" [fillcolor=steelblue3]
	"0914B01 Biomedicina" [color=springgreen1]
	"0914 Tecnologia de diagnóstico e tratamento médico" -- "0914B01 Biomedicina" [label="Rótulo"]
	"0914O01 Oftálmica" [color=springgreen1]
	"0914 Tecnologia de diagnóstico e tratamento médico" -- "0914O01 Oftálmica" [label="Rótulo"]
	"0914O02 Optometria" [color=springgreen1]
	"0914 Tecnologia de diagnóstico e tratamento médico" -- "0914O02 Optometria" [label="Rótulo"]
	"0914P01 Prótese e órtese" [color=springgreen1]
	"0914 Tecnologia de diagnóstico e tratamento médico" -- "0914P01 Prótese e órtese" [label="Rótulo"]
	"0914R01 Radiologia" [color=springgreen1]
	"0914 Tecnologia de diagnóstico e tratamento médico" -- "0914R01 Radiologia" [label="Rótulo"]
	"0915 Prevenção, terapia e reabilitação" [color=crimson]
	"091 Saúde" -- "0915 Prevenção, terapia e reabilitação" [fillcolor=steelblue3]
	"0915E01 Educação física" [color=springgreen1]
	"0915 Prevenção, terapia e reabilitação" -- "0915E01 Educação física" [label="Rótulo"]
	"0915F01 Fisioterapia" [color=springgreen1]
	"0915 Prevenção, terapia e reabilitação" -- "0915F01 Fisioterapia" [label="Rótulo"]
	"0915F02 Fonoaudiologia" [color=springgreen1]
	"0915 Prevenção, terapia e reabilitação" -- "0915F02 Fonoaudiologia" [label="Rótulo"]
	"0915N01 Nutrição" [color=springgreen1]
	"0915 Prevenção, terapia e reabilitação" -- "0915N01 Nutrição" [label="Rótulo"]
	"0915T01 Terapia ocupacional" [color=springgreen1]
	"0915 Prevenção, terapia e reabilitação" -- "0915T01 Terapia ocupacional" [label="Rótulo"]
	"0916 Farmácia" [color=crimson]
	"091 Saúde" -- "0916 Farmácia" [fillcolor=steelblue3]
	"0916F01 Farmácia" [color=springgreen1]
	"0916 Farmácia" -- "0916F01 Farmácia" [label="Rótulo"]
	"0917 Medicina e terapia tradicional e complementar" [color=crimson]
	"091 Saúde" -- "0917 Medicina e terapia tradicional e complementar" [fillcolor=steelblue3]
	"0917P01 Práticas integrativas" [color=springgreen1]
	"0917 Medicina e terapia tradicional e complementar" -- "0917P01 Práticas integrativas" [label="Rótulo"]
	"0918 Saúde pública e saúde coletiva" [color=crimson]
	"091 Saúde" -- "0918 Saúde pública e saúde coletiva" [fillcolor=steelblue3]
	"0918S01 Saúde coletiva" [color=springgreen1]
	"0918 Saúde pública e saúde coletiva" -- "0918S01 Saúde coletiva" [label="Rótulo"]
	"0918S02 Saúde pública" [color=springgreen1]
	"0918 Saúde pública e saúde coletiva" -- "0918S02 Saúde pública" [label="Rótulo"]
	"09 Saúde e bem-estar" [color=steelblue3]
	"092 Bem-estar" [color=gold]
	"09 Saúde e bem-estar" -- "092 Bem-estar" [fillcolor=steelblue3]
	"0921 Assistência a idosos e a deficientes" [color=crimson]
	"092 Bem-estar" -- "0921 Assistência a idosos e a deficientes" [fillcolor=steelblue3]
	"0921A01 Assistência a idosos e a deficientes" [color=springgreen1]
	"0921 Assistência a idosos e a deficientes" -- "0921A01 Assistência a idosos e a deficientes" [label="Rótulo"]
	"0923 Serviço social" [color=crimson]
	"092 Bem-estar" -- "0923 Serviço social" [fillcolor=steelblue3]
	"0923S01 Serviço social" [color=springgreen1]
	"0923 Serviço social" -- "0923S01 Serviço social" [label="Rótulo"]
	"09 Saúde e bem-estar" [color=steelblue3]
	"098 Programas interdisciplinares abrangendo saúde e bem-estar" [color=gold]
	"09 Saúde e bem-estar" -- "098 Programas interdisciplinares abrangendo saúde e bem-estar" [fillcolor=steelblue3]
	"0988 Programas interdisciplinares abrangendo saúde e bem-estar" [color=crimson]
	"098 Programas interdisciplinares abrangendo saúde e bem-estar" -- "0988 Programas interdisciplinares abrangendo saúde e bem-estar" [fillcolor=steelblue3]
	"0988P01 Programas interdisciplinares abrangendo saúde e bem-estar" [color=springgreen1]
	"0988 Programas interdisciplinares abrangendo saúde e bem-estar" -- "0988P01 Programas interdisciplinares abrangendo saúde e bem-estar" [label="Rótulo"]
	"10 Serviços" [color=steelblue3]
	"101 Serviços pessoais" [color=gold]
	"10 Serviços" -- "101 Serviços pessoais" [fillcolor=steelblue3]
	"1011 Serviços domésticos" [color=crimson]
	"101 Serviços pessoais" -- "1011 Serviços domésticos" [fillcolor=steelblue3]
	"1011E01 Economia doméstica" [color=springgreen1]
	"1011 Serviços domésticos" -- "1011E01 Economia doméstica" [label="Rótulo"]
	"1012 Serviços de beleza" [color=crimson]
	"101 Serviços pessoais" -- "1012 Serviços de beleza" [fillcolor=steelblue3]
	"1012E01 Estética e cosmética" [color=springgreen1]
	"1012 Serviços de beleza" -- "1012E01 Estética e cosmética" [label="Rótulo"]
	"1013 Serviços de alimentação" [color=crimson]
	"101 Serviços pessoais" -- "1013 Serviços de alimentação" [fillcolor=steelblue3]
	"1013G01 Gastronomia" [color=springgreen1]
	"1013 Serviços de alimentação" -- "1013G01 Gastronomia" [label="Rótulo"]
	"1014 Esportes e lazer" [color=crimson]
	"101 Serviços pessoais" -- "1014 Esportes e lazer" [fillcolor=steelblue3]
	"1014F01 Formação de técnicos e treinadores esportivos" [color=springgreen1]
	"1014 Esportes e lazer" -- "1014F01 Formação de técnicos e treinadores esportivos" [label="Rótulo"]
	"1014G01 Gestão desportiva e de lazer" [color=springgreen1]
	"1014 Esportes e lazer" -- "1014G01 Gestão desportiva e de lazer" [label="Rótulo"]
	"1015 Turismo e hotelaria" [color=crimson]
	"101 Serviços pessoais" -- "1015 Turismo e hotelaria" [fillcolor=steelblue3]
	"1015E01 Eventos" [color=springgreen1]
	"1015 Turismo e hotelaria" -- "1015E01 Eventos" [label="Rótulo"]
	"1015H01 Hotelaria" [color=springgreen1]
	"1015 Turismo e hotelaria" -- "1015H01 Hotelaria" [label="Rótulo"]
	"1015T01 Turismo" [color=springgreen1]
	"1015 Turismo e hotelaria" -- "1015T01 Turismo" [label="Rótulo"]
	"10 Serviços" [color=steelblue3]
	"102 Higiene e serviços de saúde ocupacional" [color=gold]
	"10 Serviços" -- "102 Higiene e serviços de saúde ocupacional" [fillcolor=steelblue3]
	"1022 Saúde e segurança no trabalho" [color=crimson]
	"102 Higiene e serviços de saúde ocupacional" -- "1022 Saúde e segurança no trabalho" [fillcolor=steelblue3]
	"1022S01 Segurança no trabalho" [color=springgreen1]
	"1022 Saúde e segurança no trabalho" -- "1022S01 Segurança no trabalho" [label="Rótulo"]
	"10 Serviços" [color=steelblue3]
	"103 Serviços de segurança" [color=gold]
	"10 Serviços" -- "103 Serviços de segurança" [fillcolor=steelblue3]
	"1031 Setor militar e de defesa" [color=crimson]
	"103 Serviços de segurança" -- "1031 Setor militar e de defesa" [fillcolor=steelblue3]
	"1031C01 Ciências militares" [color=springgreen1]
	"1031 Setor militar e de defesa" -- "1031C01 Ciências militares" [label="Rótulo"]
	"1032 Proteção de pessoas e de propriedades" [color=crimson]
	"103 Serviços de segurança" -- "1032 Proteção de pessoas e de propriedades" [fillcolor=steelblue3]
	"1032I01 Investigação e perícia" [color=springgreen1]
	"1032 Proteção de pessoas e de propriedades" -- "1032I01 Investigação e perícia" [label="Rótulo"]
	"1032S01 Segurança no trânsito" [color=springgreen1]
	"1032 Proteção de pessoas e de propriedades" -- "1032S01 Segurança no trânsito" [label="Rótulo"]
	"1032S02 Segurança privada" [color=springgreen1]
	"1032 Proteção de pessoas e de propriedades" -- "1032S02 Segurança privada" [label="Rótulo"]
	"1032S03 Segurança pública" [color=springgreen1]
	"1032 Proteção de pessoas e de propriedades" -- "1032S03 Segurança pública" [label="Rótulo"]
	"1032S04 Serviços penais" [color=springgreen1]
	"1032 Proteção de pessoas e de propriedades" -- "1032S04 Serviços penais" [label="Rótulo"]
	"10 Serviços" [color=steelblue3]
	"104 Serviços de transporte" [color=gold]
	"10 Serviços" -- "104 Serviços de transporte" [fillcolor=steelblue3]
	"1041 Serviços de transporte" [color=crimson]
	"104 Serviços de transporte" -- "1041 Serviços de transporte" [fillcolor=steelblue3]
	"1041C01 Ciências aeronáuticas" [color=springgreen1]
	"1041 Serviços de transporte" -- "1041C01 Ciências aeronáuticas" [label="Rótulo"]
	"1041G01 Gestão portuária" [color=springgreen1]
	"1041 Serviços de transporte" -- "1041G01 Gestão portuária" [label="Rótulo"]
	"1041T01 Transporte aéreo" [color=springgreen1]
	"1041 Serviços de transporte" -- "1041T01 Transporte aéreo" [label="Rótulo"]
	"1041T02 Transporte terrestre" [color=springgreen1]
	"1041 Serviços de transporte" -- "1041T02 Transporte terrestre" [label="Rótulo"]
	"10 Serviços" [color=steelblue3]
	"108 Programas interdisciplinares abrangendo serviços" [color=gold]
	"10 Serviços" -- "108 Programas interdisciplinares abrangendo serviços" [fillcolor=steelblue3]
	"1088 Programas interdisciplinares abrangendo serviços" [color=crimson]
	"108 Programas interdisciplinares abrangendo serviços" -- "1088 Programas interdisciplinares abrangendo serviços" [fillcolor=steelblue3]
	"1088P01 Programas interdisciplinares abrangendo serviços" [color=springgreen1]
	"1088 Programas interdisciplinares abrangendo serviços" -- "1088P01 Programas interdisciplinares abrangendo serviços" [label="Rótulo"]
}
